<?xml version="1.0" encoding="UTF-8"?>
<testng-results ignored="0" total="1" passed="1" failed="0" skipped="0">
  <reporter-output>
  </reporter-output>
  <suite started-at="2024-03-28T20:16:25 IST" name="Default suite" finished-at="2024-03-28T20:16:53 IST" duration-ms="28326">
    <groups>
    </groups>
    <test started-at="2024-03-28T20:16:25 IST" name="Default test" finished-at="2024-03-28T20:16:53 IST" duration-ms="28326">
      <class name="TestCase.LaunchTestYoutube">
        <test-method is-config="true" signature="setup(org.testng.ITestContext)[pri:0, instance:TestCase.LaunchTestYoutube@3cd3e762]" started-at="2024-03-28T20:16:25 IST" name="setup" finished-at="2024-03-28T20:16:42 IST" duration-ms="16706" status="PASS">
          <params>
            <param index="0">
              <value>
                <![CDATA[org.testng.TestRunner@7a2e0858]]>
              </value>
            </param>
          </params>
          <reporter-output>
          </reporter-output>
        </test-method> <!-- setup -->
        <test-method signature="Browserlaunch()[pri:0, instance:TestCase.LaunchTestYoutube@3cd3e762]" started-at="2024-03-28T20:16:42 IST" name="Browserlaunch" finished-at="2024-03-28T20:16:53 IST" duration-ms="10710" status="PASS">
          <reporter-output>
          </reporter-output>
        </test-method> <!-- Browserlaunch -->
        <test-method is-config="true" signature="teardown()[pri:0, instance:TestCase.LaunchTestYoutube@3cd3e762]" started-at="2024-03-28T20:16:53 IST" name="teardown" finished-at="2024-03-28T20:16:53 IST" duration-ms="871" status="PASS">
          <reporter-output>
          </reporter-output>
        </test-method> <!-- teardown -->
      </class> <!-- TestCase.LaunchTestYoutube -->
    </test> <!-- Default test -->
  </suite> <!-- Default suite -->
</testng-results>
